2025-12-06 16:37:59 [background-preinit] INFO  o.h.validator.internal.util.Version - HV000001: Hibernate Validator 8.0.1.Final
2025-12-06 16:37:59 [main] INFO  com.ruoyi.RuoYiApplication - Starting RuoYiApplication using Java 17.0.12 with PID 27320 (D:\refactored-octo-doodle-main (1)\refactored-octo-doodle-main\backend\ruoyi-admin-wms\target\classes started by 23254 in D:\refactored-octo-doodle-main (1)\refactored-octo-doodle-main\backend)
2025-12-06 16:37:59 [main] INFO  com.ruoyi.RuoYiApplication - The following 1 profile is active: "dev"
2025-12-06 16:38:05 [main] INFO  io.undertow.servlet - Initializing Spring embedded WebApplicationContext
2025-12-06 16:38:07 [main] INFO  c.b.d.d.DynamicRoutingDataSource - dynamic-datasource detect P6SPY plugin and enabled it
2025-12-06 16:38:07 [main] INFO  com.zaxxer.hikari.HikariDataSource - master - Starting...
2025-12-06 16:38:07 [main] INFO  com.zaxxer.hikari.pool.HikariPool - master - Added connection com.mysql.cj.jdbc.ConnectionImpl@1b901f7b
2025-12-06 16:38:07 [main] INFO  com.zaxxer.hikari.HikariDataSource - master - Start completed.
2025-12-06 16:38:07 [main] INFO  c.b.d.d.DynamicRoutingDataSource - dynamic-datasource - add a datasource named [master] success
2025-12-06 16:38:07 [main] INFO  c.b.d.d.DynamicRoutingDataSource - dynamic-datasource initial loaded [1] datasource,primary datasource named [master]
2025-12-06 16:38:11 [main] INFO  c.b.d.d.DynamicRoutingDataSource - dynamic-datasource start closing ....
2025-12-06 16:38:11 [main] INFO  com.zaxxer.hikari.HikariDataSource - master - Shutdown initiated...
2025-12-06 16:38:11 [main] INFO  com.zaxxer.hikari.HikariDataSource - master - Shutdown completed.
2025-12-06 16:38:11 [main] INFO  c.b.d.d.d.DefaultDataSourceDestroyer - dynamic-datasource close the datasource named [master] success,
2025-12-06 16:38:11 [main] INFO  c.b.d.d.DynamicRoutingDataSource - dynamic-datasource all closed success,bye
2025-12-06 17:03:18 [background-preinit] INFO  o.h.validator.internal.util.Version - HV000001: Hibernate Validator 8.0.1.Final
2025-12-06 17:03:18 [main] INFO  com.ruoyi.RuoYiApplication - Starting RuoYiApplication using Java 17.0.12 with PID 30132 (D:\refactored-octo-doodle-main (1)\refactored-octo-doodle-main\backend\ruoyi-admin-wms\target\classes started by 23254 in D:\refactored-octo-doodle-main (1)\refactored-octo-doodle-main\backend)
2025-12-06 17:03:18 [main] INFO  com.ruoyi.RuoYiApplication - The following 1 profile is active: "dev"
2025-12-06 17:04:42 [background-preinit] INFO  o.h.validator.internal.util.Version - HV000001: Hibernate Validator 8.0.1.Final
2025-12-06 17:04:42 [main] INFO  com.ruoyi.RuoYiApplication - Starting RuoYiApplication using Java 17.0.12 with PID 4356 (D:\refactored-octo-doodle-main (1)\refactored-octo-doodle-main\backend\ruoyi-admin-wms\target\classes started by 23254 in D:\refactored-octo-doodle-main (1)\refactored-octo-doodle-main\backend)
2025-12-06 17:04:42 [main] INFO  com.ruoyi.RuoYiApplication - The following 1 profile is active: "dev"
2025-12-06 19:24:42 [background-preinit] INFO  o.h.validator.internal.util.Version - HV000001: Hibernate Validator 8.0.1.Final
2025-12-06 19:24:42 [main] INFO  com.ruoyi.RuoYiApplication - Starting RuoYiApplication using Java 17.0.12 with PID 33772 (D:\refactored-octo-doodle-main (1)\refactored-octo-doodle-main\backend\ruoyi-admin-wms\target\classes started by 23254 in D:\refactored-octo-doodle-main (1)\refactored-octo-doodle-main\backend)
2025-12-06 19:24:42 [main] INFO  com.ruoyi.RuoYiApplication - The following 1 profile is active: "dev"
2025-12-06 19:40:32 [background-preinit] INFO  o.h.validator.internal.util.Version - HV000001: Hibernate Validator 8.0.1.Final
2025-12-06 19:40:32 [main] INFO  com.ruoyi.RuoYiApplication - Starting RuoYiApplication using Java 17.0.12 with PID 13336 (D:\refactored-octo-doodle-main (1)\refactored-octo-doodle-main\backend\ruoyi-admin-wms\target\classes started by 23254 in D:\refactored-octo-doodle-main (1)\refactored-octo-doodle-main\backend)
2025-12-06 19:40:32 [main] INFO  com.ruoyi.RuoYiApplication - The following 1 profile is active: "dev"
2025-12-06 19:46:28 [background-preinit] INFO  o.h.validator.internal.util.Version - HV000001: Hibernate Validator 8.0.1.Final
2025-12-06 19:46:28 [main] INFO  com.ruoyi.RuoYiApplication - Starting RuoYiApplication using Java 17.0.12 with PID 12168 (D:\refactored-octo-doodle-main (1)\refactored-octo-doodle-main\backend\ruoyi-admin-wms\target\classes started by 23254 in D:\refactored-octo-doodle-main (1)\refactored-octo-doodle-main\backend)
2025-12-06 19:46:28 [main] INFO  com.ruoyi.RuoYiApplication - The following 1 profile is active: "dev"
2025-12-06 19:46:33 [main] INFO  io.undertow.servlet - Initializing Spring embedded WebApplicationContext
2025-12-06 19:46:34 [main] INFO  c.b.d.d.DynamicRoutingDataSource - dynamic-datasource detect P6SPY plugin and enabled it
2025-12-06 19:46:34 [main] INFO  com.zaxxer.hikari.HikariDataSource - master - Starting...
2025-12-06 19:46:35 [main] INFO  com.zaxxer.hikari.pool.HikariPool - master - Added connection com.mysql.cj.jdbc.ConnectionImpl@552b15f6
2025-12-06 19:46:35 [main] INFO  com.zaxxer.hikari.HikariDataSource - master - Start completed.
2025-12-06 19:46:35 [main] INFO  c.b.d.d.DynamicRoutingDataSource - dynamic-datasource - add a datasource named [master] success
2025-12-06 19:46:35 [main] INFO  c.b.d.d.DynamicRoutingDataSource - dynamic-datasource initial loaded [1] datasource,primary datasource named [master]
2025-12-06 19:46:40 [main] INFO  c.r.common.redis.config.RedisConfig - 初始化 redis 配置
2025-12-06 19:46:41 [main] INFO  org.redisson.Version - Redisson 3.29.0
2025-12-06 19:46:41 [redisson-netty-1-4] INFO  o.r.connection.ConnectionsHolder - 1 connections initialized for 127.0.0.1/127.0.0.1:6379
2025-12-06 19:46:41 [redisson-netty-1-3] INFO  o.r.connection.ConnectionsHolder - 8 connections initialized for 127.0.0.1/127.0.0.1:6379
2025-12-06 19:46:43 [main] INFO  c.r.common.json.config.JacksonConfig - 初始化 jackson 配置
2025-12-06 19:46:46 [main] INFO  io.undertow - starting server: Undertow - 2.3.13.Final
2025-12-06 19:46:46 [main] INFO  org.xnio - XNIO version 3.8.8.Final
2025-12-06 19:46:46 [main] INFO  org.xnio.nio - XNIO NIO Implementation Version 3.8.8.Final
2025-12-06 19:46:46 [main] INFO  org.jboss.threads - JBoss Threads version 3.5.0.Final
2025-12-06 19:46:46 [main] INFO  com.ruoyi.RuoYiApplication - Started RuoYiApplication in 19.102 seconds (process running for 20.178)
2025-12-06 19:46:46 [main] INFO  p6spy - 2025-12-06 19:46:46|21|statement|connection 0|url jdbc:mysql://127.0.0.5:3306/xxxx?useUnicode=true&characterEncoding=utf8&zeroDateTimeBehavior=convertToNull&useSSL=true&serverTimezone=GMT%2B8&autoReconnect=true&rewriteBatchedStatements=true|SELECT  oss_config_id,config_key,access_key,secret_key,bucket_name,prefix,endpoint,domain,is_https,region,status,ext1,remark,access_policy,create_by,create_time,update_by,update_time  FROM sys_oss_config|SELECT  oss_config_id,config_key,access_key,secret_key,bucket_name,prefix,endpoint,domain,is_https,region,status,ext1,remark,access_policy,create_by,create_time,update_by,update_time  FROM sys_oss_config
2025-12-06 19:46:46 [main] INFO  c.r.s.runner.SystemApplicationRunner - 初始化OSS配置成功
2025-12-06 19:46:46 [main] INFO  p6spy - 2025-12-06 19:46:46|4|statement|connection 1|url jdbc:mysql://127.0.0.5:3306/xxxx?useUnicode=true&characterEncoding=utf8&zeroDateTimeBehavior=convertToNull&useSSL=true&serverTimezone=GMT%2B8&autoReconnect=true&rewriteBatchedStatements=true|SELECT  config_id,config_name,config_key,config_value,config_type,remark,create_by,create_time,update_by,update_time  FROM sys_config           ORDER BY config_id ASC|SELECT  config_id,config_name,config_key,config_value,config_type,remark,create_by,create_time,update_by,update_time  FROM sys_config           ORDER BY config_id ASC
2025-12-06 19:46:46 [main] INFO  c.r.s.runner.SystemApplicationRunner - 加载参数缓存数据成功
2025-12-06 19:46:46 [main] INFO  p6spy - 2025-12-06 19:46:46|7|statement|connection 2|url jdbc:mysql://127.0.0.5:3306/xxxx?useUnicode=true&characterEncoding=utf8&zeroDateTimeBehavior=convertToNull&useSSL=true&serverTimezone=GMT%2B8&autoReconnect=true&rewriteBatchedStatements=true|SELECT  dict_code,dict_sort,dict_label,dict_value,dict_type,css_class,list_class,is_default,status,remark,create_by,create_time,update_by,update_time  FROM sys_dict_data      WHERE  (status = ?)|SELECT  dict_code,dict_sort,dict_label,dict_value,dict_type,css_class,list_class,is_default,status,remark,create_by,create_time,update_by,update_time  FROM sys_dict_data      WHERE  (status = '1')
2025-12-06 19:46:46 [main] INFO  c.r.s.runner.SystemApplicationRunner - 加载字典缓存数据成功
2025-12-06 19:51:13 [SpringApplicationShutdownHook] INFO  io.undertow - stopping server: Undertow - 2.3.13.Final
2025-12-06 19:51:13 [SpringApplicationShutdownHook] INFO  c.r.c.core.config.ThreadPoolConfig - ====关闭后台任务任务线程池====
2025-12-06 19:51:13 [SpringApplicationShutdownHook] INFO  c.b.d.d.DynamicRoutingDataSource - dynamic-datasource start closing ....
2025-12-06 19:51:13 [SpringApplicationShutdownHook] INFO  com.zaxxer.hikari.HikariDataSource - master - Shutdown initiated...
2025-12-06 19:51:13 [SpringApplicationShutdownHook] INFO  com.zaxxer.hikari.HikariDataSource - master - Shutdown completed.
2025-12-06 19:51:13 [SpringApplicationShutdownHook] INFO  c.b.d.d.d.DefaultDataSourceDestroyer - dynamic-datasource close the datasource named [master] success,
2025-12-06 19:51:13 [SpringApplicationShutdownHook] INFO  c.b.d.d.DynamicRoutingDataSource - dynamic-datasource all closed success,bye
